<?xml version="1.0" encoding="UTF-8"?>
<!-- Generated by org.testng.reporters.JUnitReportReporter -->
<testsuite hostname="DESKTOP-DVUMH6U" failures="0" tests="4" name="selenium.Testing1" time="0.002" errors="0" timestamp="21 May 2023 20:09:12 GMT" skipped="0">
  <testcase classname="selenium.Testing1" name="abc" time="0.000"/>
  <testcase classname="selenium.Testing1" name="abc" time="0.001"/>
  <testcase classname="selenium.Testing1" name="test1" time="0.000"/>
  <testcase classname="selenium.Testing1" name="test2" time="0.001"/>
</testsuite> <!-- selenium.Testing1 -->
