<?xml version="1.0" encoding="UTF-8"?>
<!-- Generated by org.testng.reporters.JUnitReportReporter -->
<testsuite hostname="DESKTOP-DVUMH6U" failures="0" tests="2" name="selenium.Testing2" time="0.000" errors="0" timestamp="21 May 2023 20:09:12 GMT" skipped="0">
  <testcase classname="selenium.Testing2" name="test3" time="0.000"/>
  <testcase classname="selenium.Testing2" name="test4" time="0.000"/>
</testsuite> <!-- selenium.Testing2 -->
